C51 COMPILER V9.52.0.0   AUTO                                                              05/28/2020 23:17:28 PAGE 1   


C51 COMPILER V9.52.0.0, COMPILATION OF MODULE AUTO
OBJECT MODULE PLACED IN auto.OBJ
COMPILER INVOKED BY: C:\Keil\C51\BIN\C51.EXE auto.c BROWSE DEBUG OBJECTEXTEND TABS(2)

line level    source

   1          
   2          #include<regx51.h>
   3          
   4          sbit sensor = P1^0;
   5          sbit input1 = P1^1;
   6          sbit input2 = P1^2;
   7          
   8          void delay(){
   9   1          unsigned int i,j;
  10   1          for(i = 0; i< 4;i++)
  11   1              {for(j=0;j<60000;j++);}
  12   1      }
  13          
  14          void main(){
  15   1        
  16   1          input1 = 0;
  17   1          input2 = 0;
  18   1        
  19   1          while(1){
  20   2              if(sensor == 0){
  21   3                  input1 = 1;
  22   3                  input2 = 0;
  23   3                  delay();
  24   3            
  25   3                  input1 = 0;
  26   3                  input2 = 1;
  27   3                  delay();
  28   3                  
  29   3                  input1 = 0;
  30   3                  input2 = 0;
  31   3              }
  32   2          }
  33   1      }


MODULE INFORMATION:   STATIC OVERLAYABLE
   CODE SIZE        =     72    ----
   CONSTANT SIZE    =   ----    ----
   XDATA SIZE       =   ----    ----
   PDATA SIZE       =   ----    ----
   DATA SIZE        =   ----       2
   IDATA SIZE       =   ----    ----
   BIT SIZE         =   ----    ----
END OF MODULE INFORMATION.


C51 COMPILATION COMPLETE.  0 WARNING(S),  0 ERROR(S)
